79:./AwesomeApi/utils.lua
0 0 0 0 0 0 0 0 34 34 34 34 0 0 34 0 0 34 0 0 25 123 2 121 98 2 121 32 12 26 1 22 0 0 22 1 2 8 101 25 4 0 1 0 0 1 14 2 0 31 177 261 126 3 126 10 75 2 92 18 1 0 0 0 5 0 0 22 0 0 18 3 3 0 72 21 0 0 18 
40:./awesomeapi/gshape.lua
0 0 0 0 0 0 0 0 10 0 0 10 0 0 10 0 0 0 0 9 0 0 3 11 43 10 0 0 0 0 20 36 30 36 9 6 1 9 0 1 
163:/usr/share/lua/5.3/busted/block.lua
0 0 0 0 0 0 0 0 0 0 0 0 0 0 0 36 36 0 36 4862 0 4862 4898 0 36 286 286 5148 4862 4576 0 0 322 0 0 0 0 0 0 36 0 36 858 0 858 572 572 0 0 0 0 858 202 0 858 858 656 0 0 202 202 0 0 0 0 0 0 202 0 202 36 0 36 1061 0 1061 572 572 0 0 0 0 1061 0 1061 1061 0 0 0 0 0 1061 36 0 36 1263 1263 0 1263 1263 0 0 0 0 0 0 1263 572 0 0 0 1263 36 0 36 286 36 0 36 203 202 202 0 239 0 36 203 36 0 36 203 36 0 36 167 0 167 167 167 0 0 0 0 167 0 167 167 0 167 0 0 0 0 167 167 0 0 167 167 0 203 0 36 
65:/usr/share/lua/5.3/busted/compatibility.lua
0 0 286 286 286 0 0 347 347 347 0 286 0 0 0 45 45 45 0 0 45 45 45 0 45 45 45 0 0 45 0 0 0 0 0 0 17 0 17 17 0 17 0 0 0 0 0 0 0 0 0 0 0 0 0 0 0 0 0 0 0 0 0 0 17 
124:/usr/share/lua/5.3/busted/context.lua
0 0 0 45 1845 1800 0 45 45 45 45 45 0 0 0 45 1845 1800 0 4634 4589 0 45 0 0 0 0 0 0 0 0 0 0 0 0 0 0 0 0 0 0 0 0 0 0 0 0 0 0 0 0 0 0 0 0 0 0 0 453 453 45 408 0 408 0 0 453 453 0 0 453 453 0 0 453 45 0 453 0 0 6988 0 0 0 0 0 0 0 0 0 0 0 0 0 0 0 0 0 453 453 453 453 0 0 239 0 0 0 21993 0 0 0 1884 1884 1884 1884 1884 0 0 1884 1884 1884 1884 1884 
315:/usr/share/lua/5.3/busted/core.lua
0 0 0 0 0 0 0 0 0 0 17 0 0 0 0 0 0 0 0 0 0 0 0 0 0 0 18 18 17 1 0 0 1 0 0 0 35 0 0 0 45 0 0 0 0 0 0 0 0 0 0 0 0 0 0 0 0 0 0 0 0 0 0 0 0 0 0 0 0 426 426 0 426 426 477 443 51 51 0 0 426 426 0 426 426 0 0 0 18 18 18 18 0 18 18 0 0 0 0 0 18 0 0 0 1486 0 0 0 1116 0 0 0 0 0 0 0 444 0 480 480 122 122 122 122 122 122 0 0 358 322 322 322 322 322 0 0 36 0 0 0 0 0 0 17 17 17 17 17 17 0 0 0 0 0 0 0 0 0 0 0 0 0 0 0 0 0 45 0 45 0 45 0 0 1884 1884 1884 0 3768 18 18 18 3786 0 1884 18 0 0 0 18 0 0 0 0 0 0 0 0 0 0 0 18 0 1884 0 1884 1884 0 0 0 978 978 978 489 489 489 489 489 489 0 1956 978 1956 978 0 0 0 0 0 0 0 0 0 0 0 0 0 0 0 0 0 0 0 0 0 0 0 0 0 0 0 0 0 0 0 0 0 0 0 453 0 0 0 0 453 0 453 453 408 0 0 0 453 906 0 453 453 0 0 0 0 0 0 453 453 453 453 453 453 453 453 453 453 453 453 0 0 453 0 453 202 0 251 0 453 0 0 0 203 656 453 453 906 453 0 203 
31:/usr/share/lua/5.3/busted/environment.lua
0 0 0 0 0 0 0 22281 0 22044 16593 22044 0 0 0 0 0 0 0 0 5688 0 0 0 0 0 0 0 0 0 45 
72:/usr/share/lua/5.3/busted/execute.lua
36 36 36 0 0 0 0 0 0 0 0 0 36 0 0 36 0 0 36 36 0 0 0 0 0 0 0 0 0 0 0 0 0 0 0 0 0 0 36 0 72 36 0 0 0 0 0 36 0 36 0 0 0 0 36 36 36 36 0 36 36 0 36 0 36 0 0 0 72 0 36 36 
127:/usr/share/lua/5.3/busted/init.lua
0 0 0 0 45 45 45 0 45 45 0 0 122 122 122 0 122 122 0 0 286 286 0 286 0 0 0 0 286 0 286 286 286 0 286 0 286 286 286 286 286 0 0 0 0 0 0 286 0 0 286 286 0 0 0 0 0 0 0 0 0 0 0 0 0 0 0 0 0 0 0 0 0 0 0 0 0 0 0 0 0 0 0 0 0 0 0 0 0 0 0 0 0 0 0 0 0 0 0 0 0 0 0 0 0 0 0 0 0 0 0 0 0 0 0 0 0 0 0 0 0 0 0 0 0 0 1185 
50:/usr/share/lua/5.3/busted/languages/en.lua
36 0 36 0 0 36 36 36 36 0 36 36 36 36 0 36 36 36 36 0 36 36 36 36 0 36 0 36 36 0 0 36 36 36 36 36 36 36 36 36 0 36 36 36 36 36 36 0 36 36 
23:/usr/share/lua/5.3/busted/modules/files/lua.lua
36 0 36 0 0 426 426 426 36 0 0 45 36 0 0 45 45 0 0 45 36 0 36 
107:/usr/share/lua/5.3/busted/modules/files/moonscript.lua
36 0 72 36 36 0 36 0 0 0 0 0 0 0 0 0 0 36 0 0 0 0 0 0 0 0 0 0 0 0 36 0 0 0 0 0 36 0 0 0 0 0 0 0 0 0 0 0 0 0 0 0 0 0 0 0 0 0 0 0 0 0 0 0 0 0 36 0 36 0 0 0 0 0 0 0 0 0 0 0 36 0 0 0 0 0 0 0 0 0 0 0 36 0 0 0 36 0 0 0 0 0 0 0 36 0 36 
129:/usr/share/lua/5.3/busted/modules/filter_loader.lua
0 0 0 286 286 0 572 572 286 286 0 0 286 36 0 0 0 0 36 0 0 408 0 0 0 0 408 36 0 0 286 286 0 0 0 0 286 36 0 0 408 0 0 0 0 408 36 0 0 286 0 0 0 0 286 36 0 0 0 0 0 0 0 0 0 0 0 36 0 0 0 36 0 36 0 0 0 0 0 0 36 0 0 0 36 0 0 288 504 360 0 0 324 0 0 0 0 0 0 0 0 36 0 36 0 0 0 0 0 0 0 0 0 0 0 0 0 0 36 36 36 36 0 0 36 36 36 36 36 
34:/usr/share/lua/5.3/busted/modules/output_handler_loader.lua
0 0 0 0 0 0 36 0 36 72 36 0 36 0 0 36 0 72 0 36 0 0 0 36 0 0 0 0 36 0 0 0 36 36 
101:/usr/share/lua/5.3/busted/modules/test_file_loader.lua
36 0 0 36 36 36 36 0 108 72 72 0 0 0 36 0 36 0 36 36 36 0 72 46 46 0 0 0 0 47 46 45 0 0 1 72 0 72 45 0 0 45 0 72 0 0 0 0 0 36 36 36 0 0 36 72 36 0 36 36 0 0 0 45 45 45 0 0 36 0 0 36 0 81 45 0 45 90 45 45 45 45 0 0 45 0 0 0 36 1 1 0 0 1 0 0 36 36 0 36 36 
179:/usr/share/lua/5.3/busted/outputHandlers/base.lua
0 36 36 36 36 36 36 36 36 36 36 36 0 0 0 858 36 0 0 36 36 0 36 0 0 0 36 36 36 36 36 36 36 36 36 36 72 0 0 287 287 0 573 572 0 286 286 0 0 287 36 0 0 0 287 3379 3092 2520 0 0 287 287 0 287 287 287 287 287 287 287 0 287 0 287 36 0 0 36 0 0 0 36 36 0 0 36 36 36 36 0 0 0 0 0 0 0 0 0 0 0 0 0 36 0 0 36 36 36 36 0 0 286 286 36 0 0 286 0 286 268 268 18 0 0 18 0 17 17 1 0 1 1 0 0 268 0 268 268 268 0 0 0 268 0 0 268 0 268 36 0 0 0 0 0 0 36 0 0 17 17 36 0 0 1 1 1 36 0 0 19 1 1 0 0 19 36 0 36 36 
187:/usr/share/lua/5.3/busted/outputHandlers/utfTerminal.lua
36 36 0 36 0 36 0 0 0 36 0 0 0 36 36 0 36 36 36 36 0 0 0 0 0 0 0 0 0 0 0 0 0 0 0 0 36 0 0 19 19 19 0 0 0 0 0 0 19 36 0 0 19 19 2 0 0 19 1 2 2 0 18 18 18 36 18 0 0 19 18 0 0 19 36 0 0 36 36 36 36 0 36 36 36 36 36 0 36 1 35 2 0 0 36 20 16 15 0 0 36 36 0 0 0 0 36 34 2 2 0 0 36 0 36 36 36 36 36 36 0 0 286 286 0 286 0 286 17 269 1 0 0 286 286 0 0 286 36 0 0 36 36 36 0 36 36 0 0 36 36 0 36 0 0 0 0 53 17 17 0 0 38 2 2 0 0 36 36 0 0 0 0 0 0 36 0 36 36 36 36 36 36 36 0 36 36 
208:/usr/share/lua/5.3/busted/runner.lua
0 0 0 0 0 0 0 0 0 0 0 45 0 0 0 0 0 0 0 0 0 0 0 0 0 0 0 0 0 0 0 0 0 0 0 0 0 0 0 0 0 0 0 0 0 0 0 0 0 0 0 0 0 0 0 0 0 0 0 36 0 0 0 0 0 0 36 0 0 0 0 36 0 0 0 0 0 36 36 0 0 36 36 0 0 0 36 36 0 0 0 0 0 36 36 36 0 72 0 0 36 0 72 0 0 36 0 72 2 2 2 36 0 72 17 17 0 0 0 17 17 36 0 0 36 36 36 0 0 72 36 36 36 36 36 36 36 0 0 0 36 36 0 0 0 0 0 0 0 0 0 0 0 0 0 0 0 0 0 36 0 0 0 0 0 0 0 0 72 36 36 36 36 36 36 36 0 0 36 0 36 36 36 72 36 36 36 36 0 0 0 0 0 0 36 36 72 36 36 36 0 0 36 0 36 17 0 19 
42:/usr/share/lua/5.3/busted/status.lua
0 2456 2456 2456 2456 2456 2456 2456 2456 0 2456 0 0 0 2170 2170 3315 2170 2170 2170 0 0 0 2170 0 0 0 2170 0 0 0 286 286 286 0 2456 0 0 4340 2170 2742 2170 
35:/usr/share/lua/5.3/busted/utils.lua
0 0 0 36 36 252 216 216 0 0 36 0 0 0 0 0 0 0 0 0 0 0 0 0 0 0 36 36 36 36 36 180 144 0 36 
243:/usr/share/lua/5.3/luarocks/loader.lua
0 0 0 0 0 0 0 0 0 0 0 0 0 0 0 0 0 0 0 0 0 0 0 0 0 0 0 0 0 0 0 0 0 0 0 0 0 0 0 0 0 0 0 0 0 0 0 0 0 0 0 0 0 0 0 0 0 0 0 0 0 0 0 0 0 0 0 0 0 0 0 0 0 0 0 0 0 0 0 324 0 0 0 0 0 0 324 324 0 0 0 0 0 0 0 0 0 0 0 0 0 0 0 0 0 0 0 0 0 0 0 0 0 0 0 0 0 0 0 0 0 0 0 0 0 0 0 0 0 0 0 0 0 0 0 0 0 0 0 0 0 0 0 0 972 972 648 648 324 0 0 0 0 0 0 0 0 0 0 0 0 0 0 0 0 0 0 0 0 0 0 404 0 0 0 404 484 404 404 324 324 324 324 0 0 324 324 324 0 0 0 0 0 0 0 80 0 0 0 0 80 0 0 0 0 0 0 0 0 0 0 808 324 0 0 324 404 0 0 0 0 0 0 0 0 0 0 0 0 0 0 0 0 0 0 0 0 404 404 80 0 324 324 
257:/usr/share/lua/5.3/luarocks/path.lua
0 0 0 0 0 0 0 0 0 0 0 0 0 0 0 0 0 0 0 0 0 0 0 0 0 0 0 0 0 0 0 0 0 0 0 0 0 0 0 0 0 0 0 0 0 0 0 0 0 0 0 0 0 0 0 0 0 0 0 0 0 0 0 0 0 0 0 0 0 0 0 0 0 0 0 0 0 0 0 0 0 0 0 0 0 0 0 0 0 0 0 0 0 0 0 0 0 0 0 0 0 0 0 0 0 0 0 0 0 0 0 0 0 0 0 0 0 0 0 0 0 0 0 0 0 0 0 0 0 0 0 0 0 0 0 0 0 0 0 0 0 0 0 0 0 0 0 0 0 0 0 0 0 0 0 0 0 0 0 0 0 0 0 0 0 0 0 0 0 0 0 0 0 0 0 0 0 0 0 0 0 0 0 0 0 0 0 0 0 0 0 0 0 0 0 0 0 0 0 0 0 0 0 0 0 0 0 0 0 0 0 0 0 0 0 0 0 0 0 0 0 0 0 0 0 0 0 0 0 0 0 0 0 0 0 0 0 0 0 324 0 324 324 324 324 324 0 0 0 0 0 0 0 0 324 324 324 
177:/usr/share/lua/5.3/luassert/assert.lua
0 0 0 0 0 0 0 0 0 0 0 17 0 17 0 0 17 17 0 0 17 0 0 0 0 0 467 0 467 0 1510 1043 0 0 467 1504 1040 576 0 0 0 464 464 464 0 464 17 17 2 0 17 17 0 0 447 216 0 231 0 3 3 3 0 6 3 3 0 0 0 0 3 0 0 0 1691 1046 0 0 645 0 0 0 0 464 0 0 0 0 0 0 0 0 0 0 0 0 0 0 0 0 0 0 0 0 0 0 0 0 0 0 0 0 0 0 0 0 0 0 0 0 0 17 17 48 31 30 30 30 30 0 0 17 0 0 0 0 0 0 0 56 0 0 0 3 3 0 0 0 0 0 0 0 0 0 0 0 0 0 0 0 0 0 0 0 0 0 0 0 310 0 0 0 310 0 0 0 464 
261:/usr/share/lua/5.3/luassert/assertions.lua
0 0 0 0 0 0 0 0 0 0 0 0 0 0 0 0 0 0 461 0 0 461 0 0 0 0 0 0 0 0 0 0 0 0 0 0 0 0 0 0 0 0 0 0 0 0 0 0 0 0 0 0 0 0 0 0 0 0 0 0 0 0 0 0 0 0 0 0 0 0 0 0 0 0 0 0 0 0 0 0 0 0 0 0 0 0 0 0 0 0 0 0 0 0 0 0 0 0 0 0 0 0 0 0 0 0 0 0 0 0 0 0 45 45 45 45 0 45 45 45 0 0 0 48 48 48 48 48 0 48 48 48 48 48 48 0 0 0 0 0 0 0 0 0 15 15 0 0 0 5 0 0 0 217 217 217 217 217 217 217 217 0 151 0 217 217 217 217 217 217 217 217 0 217 217 0 0 0 0 0 0 0 0 0 0 0 0 0 0 0 0 0 0 0 0 0 0 0 0 0 0 0 0 0 0 0 0 0 0 0 0 0 0 0 0 0 0 0 0 0 0 0 0 0 0 0 0 0 0 0 0 0 0 0 0 0 0 0 0 0 0 0 0 0 0 0 0 0 0 0 0 0 0 0 0 0 0 0 136 136 136 
188:/usr/share/lua/5.3/luassert/formatters/init.lua
0 0 0 0 6 0 0 0 0 0 0 0 0 0 0 0 0 0 0 0 0 2 2 0 0 0 0 0 12 12 0 0 0 0 0 0 0 0 0 0 0 0 0 0 0 0 0 0 0 0 0 0 2 0 0 2 0 0 13 11 0 2 0 0 16 3 0 13 0 0 0 0 0 0 0 0 0 0 0 0 0 0 0 0 6 6 0 12 6 6 0 0 6 0 0 0 0 0 0 0 0 0 0 0 0 0 0 0 6 0 6 6 0 0 0 30 16 0 0 14 14 14 14 14 14 0 0 14 0 0 0 14 8 0 0 6 0 0 0 6 6 0 6 6 0 12 6 6 6 0 6 0 6 6 0 0 6 6 6 6 0 0 6 0 6 14 0 14 0 0 0 30 0 0 0 30 0 0 30 0 0 30 0 0 30 0 0 30 
65:/usr/share/lua/5.3/luassert/match.lua
0 0 0 0 0 0 0 0 0 0 0 0 0 0 0 0 0 0 0 0 0 0 0 0 0 0 0 0 0 0 0 0 0 0 0 0 0 0 0 0 0 0 0 0 0 0 0 0 0 0 0 0 0 0 0 0 0 0 0 0 0 0 0 0 48 
10:/usr/share/lua/5.3/luassert/modifiers.lua
0 0 0 0 464 0 0 0 112 112 
108:/usr/share/lua/5.3/luassert/spy.lua
0 0 0 0 0 0 0 3 3 3 0 3 3 3 3 3 3 0 0 0 0 0 0 3 0 0 6 3 3 3 0 3 3 0 0 0 0 0 0 0 0 0 3 0 0 0 0 0 3 0 0 0 0 0 0 0 0 3 0 0 3 3 0 0 0 3 3 3 3 0 0 0 18 0 0 0 0 0 0 0 0 0 0 0 0 0 0 3 3 0 0 3 0 0 0 0 0 0 0 0 0 0 0 0 3 3 3 3 
124:/usr/share/lua/5.3/luassert/state.lua
0 0 0 0 0 0 0 0 0 0 0 0 0 0 0 0 0 0 0 0 0 0 0 0 0 0 0 0 0 0 0 0 0 0 0 0 0 0 0 0 0 0 0 0 0 0 0 0 0 0 0 0 0 0 0 0 0 0 0 0 0 0 0 0 0 0 0 0 0 0 0 0 0 0 0 0 0 0 0 0 0 0 0 0 0 0 0 0 30 153 153 153 0 0 0 0 0 0 0 0 0 0 0 0 0 0 0 0 56 56 56 0 0 0 56 56 0 0 0 0 0 0 3 3 
283:/usr/share/lua/5.3/luassert/util.lua
0 0 105 105 0 105 48 48 0 48 0 0 0 48 0 0 0 48 48 48 48 48 0 0 0 48 0 0 0 48 48 0 90 42 42 0 0 0 42 42 0 0 0 0 0 90 0 0 48 0 0 42 42 0 42 0 0 0 223 223 675 452 0 223 0 0 0 18 18 0 0 0 0 0 0 0 0 0 0 0 0 0 0 0 0 0 0 0 0 0 0 0 6 6 6 24 18 0 6 0 0 0 0 0 0 0 0 0 3 18 15 15 0 15 0 0 15 0 0 0 18 0 0 15 15 0 0 0 0 0 0 0 0 3 3 3 3 3 0 0 0 0 0 0 0 0 0 0 0 0 0 0 0 229 229 229 229 229 229 0 0 0 0 229 229 0 229 0 0 0 0 0 322 93 0 0 229 229 0 0 0 0 0 0 0 0 0 93 93 0 93 0 0 0 0 0 93 0 186 93 0 0 93 93 93 0 0 0 0 0 0 0 0 0 220 0 0 0 0 0 0 0 0 17 0 0 0 0 0 0 0 0 484 484 484 484 968 484 484 484 0 484 484 0 0 0 0 0 0 0 0 467 0 0 467 467 467 1510 1043 1043 0 0 1043 1046 3 3 3 3 0 0 1043 1043 1043 0 1043 0 0 0 467 0 0 0 467 
154:/usr/share/lua/5.3/mediator.lua
0 1116 0 0 0 1116 1116 1116 1116 0 0 0 0 0 1116 0 1116 1116 0 0 0 0 0 894 894 894 894 894 894 0 0 1116 1116 0 1116 0 1116 720 720 0 540 0 0 1116 0 1116 894 0 0 0 0 0 0 0 0 0 0 0 0 894 0 0 0 0 0 0 0 0 894 0 0 894 894 894 0 0 0 894 0 0 4987 894 0 0 0 0 0 0 0 0 0 0 0 894 0 0 5961 2899 0 0 2899 0 2899 0 2899 2899 0 0 0 3062 2029 0 1033 0 894 894 0 0 0 0 0 0 0 0 0 0 0 0 0 0 0 2602 0 7589 4987 0 0 2602 0 0 0 1116 0 0 0 0 0 0 0 0 0 0 0 1486 
565:/usr/share/lua/5.3/pl/List.lua
0 0 0 0 0 0 0 0 0 0 0 0 0 0 0 0 0 0 0 0 36 36 36 36 36 36 36 0 36 36 0 0 36 36 0 36 0 36 0 0 0 0 0 0 0 0 36 0 0 0 36 0 36 0 36 0 36 0 0 0 0 0 0 36 0 0 0 0 0 0 0 0 0 0 0 0 36 0 0 0 0 36 0 0 0 36 0 0 0 0 36 0 0 36 0 36 0 0 0 0 0 36 0 0 0 36 0 0 0 0 0 0 36 0 0 0 36 0 0 0 0 36 0 36 0 0 0 0 0 36 0 0 0 36 0 0 0 0 0 0 0 36 0 0 0 0 36 0 0 0 0 0 0 36 0 0 0 36 0 36 0 0 0 0 0 0 0 0 36 36 0 0 0 0 36 0 36 0 0 0 0 36 0 0 0 0 0 36 0 0 0 0 36 0 0 0 36 0 0 0 0 36 0 36 0 0 0 36 0 0 0 0 0 0 0 36 0 0 0 0 36 0 0 0 0 0 0 0 36 0 0 0 0 0 0 0 0 36 0 36 0 0 0 36 0 0 36 0 36 0 0 0 0 0 0 0 0 0 0 0 36 0 0 0 0 0 0 0 0 0 0 0 0 0 0 0 36 0 0 36 0 36 0 0 0 0 0 0 0 0 36 0 36 0 0 0 0 0 0 0 36 0 0 0 0 0 0 0 0 36 0 0 0 0 0 0 36 0 0 0 0 0 0 36 0 0 0 0 0 36 0 0 0 0 36 0 0 0 0 0 36 0 0 0 0 0 36 0 0 0 0 0 36 0 0 0 36 0 0 0 0 0 0 36 0 0 0 0 0 0 0 36 0 0 0 0 36 0 36 0 0 0 0 36 0 0 0 0 36 0 0 0 0 0 36 0 0 0 0 36 0 0 0 0 0 36 0 0 0 0 0 36 0 36 0 0 0 0 0 0 36 0 0 36 0 0 0 0 0 0 0 0 36 0 36 0 0 0 0 0 0 36 0 0 36 0 0 0 0 0 0 0 0 36 0 36 0 0 0 0 0 0 0 36 0 0 0 0 0 0 0 36 0 0 0 0 0 36 0 36 0 0 0 0 0 0 0 0 0 0 0 36 0 36 0 0 0 0 0 36 0 36 0 0 0 0 0 0 0 0 36 0 0 0 0 0 0 0 0 0 0 36 0 0 36 0 36 0 0 0 0 0 0 0 36 0 0 0 0 0 0 0 0 0 0 0 0 0 0 0 0 0 0 0 0 0 0 0 0 0 0 36 36 0 36 
214:/usr/share/lua/5.3/pl/class.lua
0 0 0 0 0 0 0 0 0 0 0 0 0 0 0 0 0 0 0 0 0 0 0 0 0 0 0 0 0 0 0 0 0 0 0 0 0 0 0 0 0 0 0 0 0 0 0 0 0 0 0 0 0 0 0 0 0 0 0 0 0 0 0 0 0 0 0 0 0 0 0 0 0 0 0 0 0 0 0 0 0 0 0 0 0 0 0 0 0 0 0 0 0 0 0 0 0 0 0 0 0 0 0 0 0 0 0 0 0 0 0 0 0 0 0 0 0 0 0 0 0 0 0 0 36 0 36 36 0 0 0 36 0 0 36 0 0 0 0 0 0 36 0 0 0 36 36 36 36 0 0 36 0 0 0 0 0 0 0 0 0 0 0 0 0 0 0 0 0 0 0 0 0 0 0 0 0 0 36 0 0 0 0 0 0 0 0 36 36 36 36 36 0 36 36 0 0 36 0 0 0 0 0 0 0 0 0 0 0 0 0 0 0 36 
471:/usr/share/lua/5.3/pl/dir.lua
0 0 0 0 0 0 0 36 36 36 36 36 36 36 36 36 36 36 36 36 0 36 0 0 36 36 0 0 36 72 0 0 46 46 36 0 0 0 0 0 0 0 0 0 0 36 0 0 0 36 0 0 0 0 0 0 36 0 0 0 0 0 0 0 0 36 0 0 0 0 0 0 0 0 0 0 0 0 0 0 36 0 0 0 0 0 0 36 0 0 0 0 0 0 0 0 0 0 36 0 0 0 0 0 36 0 0 36 0 36 0 0 0 0 0 0 0 0 0 0 0 0 0 0 36 0 0 0 0 0 0 0 0 0 0 0 0 0 0 0 0 0 0 0 0 0 0 0 0 0 0 0 0 0 0 0 0 0 0 0 0 0 0 0 0 0 0 0 0 0 0 0 0 0 0 0 0 0 0 0 0 0 36 0 0 0 36 0 0 0 0 0 0 0 0 0 0 0 0 0 0 0 0 0 0 0 0 0 0 0 0 0 0 0 0 0 0 0 0 0 0 0 0 0 0 0 0 36 0 0 0 0 0 0 0 36 0 0 0 0 36 0 0 0 0 0 0 36 0 0 0 36 0 0 0 0 0 0 0 0 0 0 0 0 0 0 0 0 36 0 0 0 0 0 0 0 0 0 36 0 0 0 0 0 0 0 0 0 0 0 0 0 0 36 0 0 0 0 0 0 0 0 36 0 0 0 0 0 0 36 0 0 0 0 0 0 0 0 0 0 0 36 0 36 36 0 0 36 0 0 36 36 0 0 0 0 0 0 0 0 0 0 0 0 36 0 0 0 0 0 0 36 0 0 36 0 0 0 0 0 0 0 0 0 0 0 0 0 0 36 0 0 0 0 0 0 0 0 0 0 0 0 0 0 0 0 0 0 0 0 0 0 0 0 0 0 0 0 0 0 0 0 0 0 0 0 0 0 0 0 0 36 0 0 0 0 0 36 36 36 36 0 36 36 0 0 0 0 154 118 46 46 46 46 46 0 0 0 0 0 72 0 72 36 0 0 0 0 0 0 0 0 36 36 36 0 36 36 82 46 46 46 46 0 0 0 0 36 36 0 36 
274:/usr/share/lua/5.3/pl/path.lua
0 0 0 0 0 0 0 0 0 0 0 0 0 0 0 0 0 0 0 0 0 0 0 0 0 0 0 0 0 0 0 0 0 0 0 0 0 0 0 0 0 0 0 0 0 0 0 0 0 0 0 0 0 0 118 118 0 0 118 0 0 0 0 0 36 36 0 0 0 0 0 0 0 0 0 0 0 0 0 0 0 0 0 0 0 0 0 0 0 0 46 46 0 0 0 0 0 0 0 0 0 0 0 0 0 0 0 0 0 0 0 0 0 0 0 0 11352 0 0 0 0 0 0 0 0 0 0 0 0 0 0 0 0 0 0 0 0 0 0 0 0 0 0 0 0 0 0 0 915 915 915 11172 10257 10257 0 915 0 0 915 0 0 0 0 0 0 0 0 0 0 0 0 0 0 0 0 0 0 0 0 0 0 0 0 0 0 0 45 45 45 180 135 0 0 135 135 0 45 0 0 45 0 0 0 0 0 0 869 869 869 0 0 0 0 0 46 46 46 0 0 0 0 0 45 45 45 0 0 0 0 0 0 0 0 0 0 0 0 0 0 0 0 0 0 0 0 0 0 0 0 0 0 0 0 0 0 0 0 0 0 0 0 0 0 0 0 0 0 0 0 92 92 0 0 92 
820:/usr/share/lua/5.3/pl/tablex.lua
0 0 0 0 0 0 0 0 0 0 0 0 0 0 0 0 0 0 0 0 0 72 72 0 0 0 0 0 0 0 0 0 0 0 0 0 0 0 72 0 0 72 0 0 81 0 0 81 0 0 0 0 0 0 0 0 0 0 0 0 0 0 0 0 0 0 0 0 0 0 0 0 0 0 0 0 0 0 0 0 0 0 0 0 0 0 0 0 0 81 81 4671 4590 0 81 0 0 0 0 0 0 0 0 0 0 0 0 0 0 0 0 0 0 0 0 0 0 0 0 0 0 0 0 0 0 0 0 0 0 0 0 0 0 0 0 0 0 0 0 0 0 0 0 0 0 0 0 0 0 0 0 0 0 0 0 0 0 0 0 0 0 0 0 0 0 0 0 0 0 0 0 0 0 0 0 0 0 0 0 0 0 0 0 0 0 0 0 0 0 0 0 0 0 0 0 0 0 0 0 0 0 0 0 0 0 0 0 0 0 0 0 0 0 0 0 0 0 0 0 0 0 0 0 0 0 0 0 0 0 0 0 0 0 0 0 0 0 0 0 0 0 0 0 0 0 0 0 0 0 0 0 0 0 0 0 0 0 0 0 0 0 0 0 0 0 0 0 0 0 0 0 0 0 0 0 0 0 0 0 0 0 0 0 0 0 0 0 0 0 0 0 0 0 0 0 0 0 0 0 0 0 0 0 0 0 0 0 0 0 0 0 0 0 0 0 0 0 0 0 0 0 0 0 0 0 0 0 0 0 0 0 0 0 0 0 0 0 0 0 0 0 0 0 0 0 0 0 0 0 0 0 0 0 0 0 0 0 0 0 0 0 0 0 0 0 0 0 0 0 0 0 0 0 0 0 0 0 0 0 0 0 0 0 0 0 0 0 0 0 0 0 0 0 0 0 0 0 0 0 0 0 0 0 0 0 0 0 0 0 0 0 0 0 0 0 0 0 0 0 0 0 0 0 0 0 0 0 0 0 0 0 0 0 0 0 0 0 0 0 0 0 0 0 0 0 0 0 0 0 0 0 0 0 0 0 0 0 0 0 0 0 0 0 0 0 0 0 0 0 0 0 0 0 0 0 0 0 0 0 0 0 0 0 0 0 0 0 0 0 0 0 0 0 0 0 0 0 0 0 0 0 0 0 0 0 0 0 0 0 0 0 0 0 0 0 0 0 0 0 0 0 0 0 0 0 0 0 0 0 0 0 0 0 0 0 0 0 0 0 0 0 0 0 0 0 0 0 0 0 0 0 0 0 0 0 0 0 0 0 0 0 0 0 0 0 0 0 0 0 0 0 0 0 0 0 0 0 0 0 0 0 0 0 0 0 0 0 0 0 0 0 0 0 0 0 0 0 0 0 0 0 0 0 0 0 0 0 0 0 0 0 0 0 0 0 0 0 0 0 0 0 0 0 0 0 0 0 0 0 0 0 0 0 0 0 0 0 0 0 0 0 0 0 0 0 0 0 0 0 0 0 0 0 0 0 72 72 72 163 91 91 90 90 0 0 72 0 0 0 0 0 0 0 0 0 0 0 0 0 0 0 0 0 0 0 0 0 0 0 0 0 0 0 0 0 0 0 0 0 0 0 0 0 0 0 0 0 0 0 0 0 0 0 0 0 0 0 0 0 0 0 0 0 0 0 0 0 0 0 0 0 0 0 0 0 0 0 0 0 0 0 0 0 0 0 0 0 0 0 0 0 0 0 0 0 0 0 0 0 0 0 0 0 0 0 0 0 0 0 0 0 0 0 0 0 0 0 0 0 0 0 0 0 0 0 0 0 0 0 0 0 0 0 0 0 0 0 0 0 0 0 0 0 36 36 36 36 0 0 0 36 35 0 0 35 80 45 0 0 36 
83:/usr/share/lua/5.3/pl/types.lua
0 0 0 0 0 0 0 0 0 0 0 0 0 0 0 0 0 0 0 0 0 0 0 0 0 0 0 0 0 0 0 0 0 0 0 0 0 0 0 0 0 0 0 0 0 0 0 0 0 0 0 0 0 0 0 0 0 0 0 0 0 0 0 0 0 0 153 0 0 0 0 0 0 72 72 0 0 0 0 0 0 81 81 
442:/usr/share/lua/5.3/pl/utils.lua
0 0 0 0 0 0 0 0 0 0 0 0 0 0 0 0 0 0 0 0 0 0 0 0 0 0 0 0 0 0 0 0 0 0 0 0 0 0 0 0 0 0 0 0 0 0 0 0 0 0 0 0 0 0 0 0 0 0 0 0 0 0 0 0 0 0 0 0 0 0 0 0 0 0 0 0 0 0 0 0 0 0 0 0 0 0 0 0 0 0 0 0 0 0 0 0 0 0 0 0 0 0 46 46 0 0 0 0 0 0 0 0 0 0 0 0 0 0 0 0 0 0 0 0 0 0 0 0 0 0 0 0 0 0 0 0 0 0 0 0 0 0 0 0 0 0 0 0 0 0 0 0 0 0 0 0 0 0 0 0 0 0 0 0 0 0 0 0 0 0 0 0 0 0 0 0 0 0 0 0 0 0 0 0 0 0 0 0 0 0 0 0 0 0 0 0 0 0 0 0 0 0 0 0 0 0 0 0 0 0 0 0 0 0 0 0 0 0 0 0 0 0 0 0 0 0 0 0 0 0 0 0 0 0 0 0 0 0 0 0 0 0 0 0 0 0 0 0 0 0 0 0 0 0 0 0 0 0 0 0 0 0 0 0 0 0 0 0 0 0 0 0 0 0 0 0 0 0 0 0 0 0 0 0 0 0 0 0 0 0 0 0 0 0 0 0 0 0 0 0 0 0 0 0 0 0 0 0 0 0 0 0 0 0 0 0 0 0 0 0 0 0 0 0 0 0 0 0 0 0 0 0 0 0 0 0 0 0 0 0 0 0 0 0 0 0 0 0 0 0 0 0 0 0 0 0 0 0 0 0 0 0 0 0 72 72 72 0 0 0 0 0 0 0 0 0 0 0 0 0 0 0 0 0 0 0 0 0 0 0 0 0 0 0 0 0 0 0 0 0 0 0 0 0 0 0 0 0 0 0 0 0 0 0 0 0 0 0 0 0 0 0 0 0 0 0 0 2402 0 0 2402 0 0 2402 0 0 0 0 0 0 2258 2258 
48:/usr/share/lua/5.3/say/init.lua
0 0 0 0 0 0 0 0 0 0 0 0 0 36 36 0 0 36 0 0 0 0 0 0 0 0 0 684 684 0 0 0 0 639 0 639 0 639 0 0 639 639 0 1817 1178 0 0 639 
39:/usr/share/lua/5.3/term/colors.lua
0 0 0 0 0 0 0 0 0 0 0 0 0 0 0 0 0 0 0 0 0 0 0 0 0 0 0 0 0 0 802 0 0 0 802 0 0 0 401 
80:spec/gshape_spec.lua
10 0 10 0 0 0 0 0 20 20 10 20 3 0 18 18 18 19 0 0 0 0 0 16 16 8 15 0 16 8 7 15 17 0 0 0 0 0 14 14 7 14 0 0 14 7 12 14 6 0 0 0 0 10 10 5 10 0 0 10 5 9 6 6 3 3 3 3 3 0 6 0 6 3 3 6 0 3 6 9 
96:spec/utils_spec.lua
35 0 36 2 1 28 29 13 68 57 21 54 60 20 6 12 12 22 56 60 33 54 12 50 28 5 50 47 5 7 47 27 24 3 32 28 49 48 2 3 5 4 6 46 48 23 44 4 13 42 20 5 43 43 44 40 39 41 2 2 0 40 20 3 42 41 38 38 0 0 0 38 19 19 0 19 19 38 52 0 0 10 10 5 5 0 5 2 4 3 4 0 4 5 0 12 
